<?xml version="1.0" encoding="UTF-8"?>
<!-- Generated by org.testng.reporters.JUnitReportReporter -->
<testsuite hostname="DESKTOP-UA41MGR" failures="0" tests="2" name="com.example.DEMO.TESJO.SevicesTest" time="3.246" errors="0" timestamp="2021-11-16T10:46:46 GMT-06:00" skipped="0">
  <testcase classname="com.example.DEMO.TESJO.SevicesTest" name="checkEmployeeStatus" time="2.502"/>
  <system-out/>
  <testcase classname="com.example.DEMO.TESJO.SevicesTest" name="checkInvalidUrlReturns404" time="0.744"/>
  <system-out/>
</testsuite> <!-- com.example.DEMO.TESJO.SevicesTest -->
