<?xml version="1.0" encoding="UTF-8"?>
<!-- Generated by org.testng.reporters.JUnitReportReporter -->
<testsuite hostname="DESKTOP-UA41MGR" failures="0" tests="3" name="com.example.DEMO.TESJO.LoginTest" time="19.326" errors="0" timestamp="2021-11-16T11:42:09 GMT-06:00" skipped="0">
  <testcase classname="com.example.DEMO.TESJO.LoginTest" name="loginLockedOutUser" time="6.161"/>
  <system-out/>
  <testcase classname="com.example.DEMO.TESJO.LoginTest" name="loginExitoso" time="7.023"/>
  <system-out/>
  <testcase classname="com.example.DEMO.TESJO.LoginTest" name="loginNoExitoso" time="6.142"/>
  <system-out/>
</testsuite> <!-- com.example.DEMO.TESJO.LoginTest -->
