<?xml version="1.0" encoding="UTF-8"?>
<!-- Generated by org.testng.reporters.JUnitReportReporter -->
<testsuite hostname="DESKTOP-UA41MGR" failures="0" tests="2" name="com.example.DEMO.TESJO.ServicesTest" time="5.567" errors="0" timestamp="2021-11-16T11:42:09 GMT-06:00" skipped="0">
  <testcase classname="com.example.DEMO.TESJO.ServicesTest" name="checkEmployeeStatus" time="3.249"/>
  <system-out/>
  <testcase classname="com.example.DEMO.TESJO.ServicesTest" name="checkInvalidUrlReturns404" time="2.318"/>
  <system-out/>
</testsuite> <!-- com.example.DEMO.TESJO.ServicesTest -->
