<?xml version="1.0" encoding="UTF-8"?>
<!-- Generated by org.testng.reporters.JUnitReportReporter -->
<testsuite hostname="DESKTOP-UA41MGR" failures="0" tests="1" name="com.example.DEMO.TESJO.ProductsTest" time="3.483" errors="0" timestamp="2021-11-16T11:42:09 GMT-06:00" skipped="0">
  <testcase classname="com.example.DEMO.TESJO.ProductsTest" name="validarIconos" time="3.483"/>
  <system-out/>
</testsuite> <!-- com.example.DEMO.TESJO.ProductsTest -->
